# JRE version: OpenJDK Runtime Environment Temurin-17.0.10+7 (17.0.10+7) (build 17.0.10+7)
# Java VM: OpenJDK 64-Bit Server VM Temurin-17.0.10+7 (17.0.10+7, mixed mode, tiered, compressed oops, compressed class ptrs, parallel gc, linux-amd64)
GC Precious Log:
 CPUs: 16 total, 16 available
 Memory: 15903M
 Large Page Support: Disabled
 NUMA Support: Disabled
 Compressed Oops: Enabled (32-bit)
 Alignments: Space 512K, Generation 512K, Heap 2M
 Heap Min Capacity: 100M
 Heap Initial Capacity: 100M
 Heap Max Capacity: 1G
 Pre-touch: Disabled
 Parallel Workers: 13
Heap:
 PSYoungGen      total 12800K, used 2334K [0x00000000eab00000, 0x00000000ebb00000, 0x0000000100000000)
  eden space 10240K, 0% used [0x00000000eab00000,0x00000000eab00000,0x00000000eb500000)
  from space 2560K, 91% used [0x00000000eb880000,0x00000000ebac7908,0x00000000ebb00000)
  to   space 3072K, 0% used [0x00000000eb500000,0x00000000eb500000,0x00000000eb800000)
 ParOldGen       total 337920K, used 336722K [0x00000000c0000000, 0x00000000d4a00000, 0x00000000eab00000)
  object space 337920K, 99% used [0x00000000c0000000,0x00000000d48d4ad8,0x00000000d4a00000)
 Metaspace       used 80284K, committed 81728K, reserved 1179648K
  class space    used 8569K, committed 9216K, reserved 1048576K
GC Heap History (20 events):
Event: 21,905 GC heap after
{Heap after GC invocations=1211 (full 20):
 PSYoungGen      total 9728K, used 2554K [0x00000000eab00000, 0x00000000eb800000, 0x0000000100000000)
  eden space 7168K, 0% used [0x00000000eab00000,0x00000000eab00000,0x00000000eb200000)
  from space 2560K, 99% used [0x00000000eb200000,0x00000000eb47e9a8,0x00000000eb480000)
  to   space 3072K, 0% used [0x00000000eb500000,0x00000000eb500000,0x00000000eb800000)
 ParOldGen       total 318976K, used 310485K [0x00000000c0000000, 0x00000000d3780000, 0x00000000eab00000)
  object space 318976K, 97% used [0x00000000c0000000,0x00000000d2f35650,0x00000000d3780000)
 Metaspace       used 80279K, committed 81728K, reserved 1179648K
  class space    used 8569K, committed 9216K, reserved 1048576K
}
Event: 21,913 GC heap before
{Heap before GC invocations=1212 (full 20):
 PSYoungGen      total 9728K, used 9536K [0x00000000eab00000, 0x00000000eb800000, 0x0000000100000000)
  eden space 7168K, 97% used [0x00000000eab00000,0x00000000eb1d1a10,0x00000000eb200000)
  from space 2560K, 99% used [0x00000000eb200000,0x00000000eb47e9a8,0x00000000eb480000)
  to   space 3072K, 0% used [0x00000000eb500000,0x00000000eb500000,0x00000000eb800000)
 ParOldGen       total 318976K, used 311464K [0x00000000c0000000, 0x00000000d3780000, 0x00000000eab00000)
  object space 318976K, 97% used [0x00000000c0000000,0x00000000d302a178,0x00000000d3780000)
 Metaspace       used 80279K, committed 81728K, reserved 1179648K
  class space    used 8569K, committed 9216K, reserved 1048576K
}
Event: 21,914 GC heap after
{Heap after GC invocations=1212 (full 20):
 PSYoungGen      total 9728K, used 3062K [0x00000000eab00000, 0x00000000eb900000, 0x0000000100000000)
  eden space 6656K, 0% used [0x00000000eab00000,0x00000000eab00000,0x00000000eb180000)
  from space 3072K, 99% used [0x00000000eb500000,0x00000000eb7fd870,0x00000000eb800000)
  to   space 3584K, 0% used [0x00000000eb180000,0x00000000eb180000,0x00000000eb500000)
 ParOldGen       total 318976K, used 311768K [0x00000000c0000000, 0x00000000d3780000, 0x00000000eab00000)
  object space 318976K, 97% used [0x00000000c0000000,0x00000000d3076178,0x00000000d3780000)
 Metaspace       used 80279K, committed 81728K, reserved 1179648K
  class space    used 8569K, committed 9216K, reserved 1048576K
}
Event: 21,923 GC heap before
{Heap before GC invocations=1213 (full 20):
 PSYoungGen      total 9728K, used 9718K [0x00000000eab00000, 0x00000000eb900000, 0x0000000100000000)
  eden space 6656K, 100% used [0x00000000eab00000,0x00000000eb180000,0x00000000eb180000)
  from space 3072K, 99% used [0x00000000eb500000,0x00000000eb7fd870,0x00000000eb800000)
  to   space 3584K, 0% used [0x00000000eb180000,0x00000000eb180000,0x00000000eb500000)
 ParOldGen       total 318976K, used 311771K [0x00000000c0000000, 0x00000000d3780000, 0x00000000eab00000)
  object space 318976K, 97% used [0x00000000c0000000,0x00000000d3076da0,0x00000000d3780000)
 Metaspace       used 80279K, committed 81728K, reserved 1179648K
  class space    used 8569K, committed 9216K, reserved 1048576K
}
Event: 21,924 GC heap after
{Heap after GC invocations=1213 (full 20):
 PSYoungGen      total 10240K, used 3564K [0x00000000eab00000, 0x00000000eb980000, 0x0000000100000000)
  eden space 6656K, 0% used [0x00000000eab00000,0x00000000eab00000,0x00000000eb180000)
  from space 3584K, 99% used [0x00000000eb180000,0x00000000eb4fb070,0x00000000eb500000)
  to   space 4096K, 0% used [0x00000000eb580000,0x00000000eb580000,0x00000000eb980000)
 ParOldGen       total 318976K, used 311859K [0x00000000c0000000, 0x00000000d3780000, 0x00000000eab00000)
  object space 318976K, 97% used [0x00000000c0000000,0x00000000d308cda0,0x00000000d3780000)
 Metaspace       used 80279K, committed 81728K, reserved 1179648K
  class space    used 8569K, committed 9216K, reserved 1048576K
}
Event: 21,929 GC heap before
{Heap before GC invocations=1214 (full 20):
 PSYoungGen      total 10240K, used 10220K [0x00000000eab00000, 0x00000000eb980000, 0x0000000100000000)
  eden space 6656K, 100% used [0x00000000eab00000,0x00000000eb180000,0x00000000eb180000)
  from space 3584K, 99% used [0x00000000eb180000,0x00000000eb4fb070,0x00000000eb500000)
  to   space 4096K, 0% used [0x00000000eb580000,0x00000000eb580000,0x00000000eb980000)
 ParOldGen       total 318976K, used 311859K [0x00000000c0000000, 0x00000000d3780000, 0x00000000eab00000)
  object space 318976K, 97% used [0x00000000c0000000,0x00000000d308cda0,0x00000000d3780000)
 Metaspace       used 80280K, committed 81728K, reserved 1179648K
  class space    used 8569K, committed 9216K, reserved 1048576K
}
Event: 21,930 GC heap after
{Heap after GC invocations=1214 (full 20):
 PSYoungGen      total 10752K, used 3791K [0x00000000eab00000, 0x00000000eba80000, 0x0000000100000000)
  eden space 6656K, 0% used [0x00000000eab00000,0x00000000eab00000,0x00000000eb180000)
  from space 4096K, 92% used [0x00000000eb580000,0x00000000eb933eb8,0x00000000eb980000)
  to   space 4096K, 0% used [0x00000000eb180000,0x00000000eb180000,0x00000000eb580000)
 ParOldGen       total 318976K, used 312387K [0x00000000c0000000, 0x00000000d3780000, 0x00000000eab00000)
  object space 318976K, 97% used [0x00000000c0000000,0x00000000d3110da0,0x00000000d3780000)
 Metaspace       used 80280K, committed 81728K, reserved 1179648K
  class space    used 8569K, committed 9216K, reserved 1048576K
}
Event: 21,936 GC heap before
{Heap before GC invocations=1215 (full 20):
 PSYoungGen      total 10752K, used 10447K [0x00000000eab00000, 0x00000000eba80000, 0x0000000100000000)
  eden space 6656K, 100% used [0x00000000eab00000,0x00000000eb180000,0x00000000eb180000)
  from space 4096K, 92% used [0x00000000eb580000,0x00000000eb933eb8,0x00000000eb980000)
  to   space 4096K, 0% used [0x00000000eb180000,0x00000000eb180000,0x00000000eb580000)
 ParOldGen       total 318976K, used 312387K [0x00000000c0000000, 0x00000000d3780000, 0x00000000eab00000)
  object space 318976K, 97% used [0x00000000c0000000,0x00000000d3110da0,0x00000000d3780000)
 Metaspace       used 80284K, committed 81728K, reserved 1179648K
  class space    used 8569K, committed 9216K, reserved 1048576K
}
Event: 21,936 GC heap after
{Heap after GC invocations=1215 (full 20):
 PSYoungGen      total 10752K, used 4076K [0x00000000eab00000, 0x00000000ebb80000, 0x0000000100000000)
  eden space 6656K, 0% used [0x00000000eab00000,0x00000000eab00000,0x00000000eb180000)
  from space 4096K, 99% used [0x00000000eb180000,0x00000000eb57b070,0x00000000eb580000)
  to   space 4608K, 0% used [0x00000000eb700000,0x00000000eb700000,0x00000000ebb80000)
 ParOldGen       total 318976K, used 312411K [0x00000000c0000000, 0x00000000d3780000, 0x00000000eab00000)
  object space 318976K, 97% used [0x00000000c0000000,0x00000000d3116da0,0x00000000d3780000)
 Metaspace       used 80284K, committed 81728K, reserved 1179648K
  class space    used 8569K, committed 9216K, reserved 1048576K
}
Event: 21,941 GC heap before
{Heap before GC invocations=1216 (full 20):
 PSYoungGen      total 10752K, used 10732K [0x00000000eab00000, 0x00000000ebb80000, 0x0000000100000000)
  eden space 6656K, 100% used [0x00000000eab00000,0x00000000eb180000,0x00000000eb180000)
  from space 4096K, 99% used [0x00000000eb180000,0x00000000eb57b070,0x00000000eb580000)
  to   space 4608K, 0% used [0x00000000eb700000,0x00000000eb700000,0x00000000ebb80000)
 ParOldGen       total 318976K, used 312455K [0x00000000c0000000, 0x00000000d3780000, 0x00000000eab00000)
  object space 318976K, 97% used [0x00000000c0000000,0x00000000d3121f10,0x00000000d3780000)
 Metaspace       used 80284K, committed 81728K, reserved 1179648K
  class space    used 8569K, committed 9216K, reserved 1048576K
}
Event: 21,942 GC heap after
{Heap after GC invocations=1216 (full 20):
 PSYoungGen      total 12288K, used 4396K [0x00000000eab00000, 0x00000000ebb80000, 0x0000000100000000)
  eden space 7680K, 0% used [0x00000000eab00000,0x00000000eab00000,0x00000000eb280000)
  from space 4608K, 95% used [0x00000000eb700000,0x00000000ebb4b008,0x00000000ebb80000)
  to   space 4608K, 0% used [0x00000000eb280000,0x00000000eb280000,0x00000000eb700000)
 ParOldGen       total 318976K, used 312985K [0x00000000c0000000, 0x00000000d3780000, 0x00000000eab00000)
  object space 318976K, 98% used [0x00000000c0000000,0x00000000d31a65a0,0x00000000d3780000)
 Metaspace       used 80284K, committed 81728K, reserved 1179648K
  class space    used 8569K, committed 9216K, reserved 1048576K
}
Event: 21,949 GC heap before
{Heap before GC invocations=1217 (full 20):
 PSYoungGen      total 12288K, used 12076K [0x00000000eab00000, 0x00000000ebb80000, 0x0000000100000000)
  eden space 7680K, 100% used [0x00000000eab00000,0x00000000eb280000,0x00000000eb280000)
  from space 4608K, 95% used [0x00000000eb700000,0x00000000ebb4b008,0x00000000ebb80000)
  to   space 4608K, 0% used [0x00000000eb280000,0x00000000eb280000,0x00000000eb700000)
 ParOldGen       total 318976K, used 312990K [0x00000000c0000000, 0x00000000d3780000, 0x00000000eab00000)
  object space 318976K, 98% used [0x00000000c0000000,0x00000000d31a7858,0x00000000d3780000)
 Metaspace       used 80284K, committed 81728K, reserved 1179648K
  class space    used 8569K, committed 9216K, reserved 1048576K
}
Event: 21,950 GC heap after
{Heap after GC invocations=1217 (full 20):
 PSYoungGen      total 12288K, used 3820K [0x00000000eab00000, 0x00000000ebb80000, 0x0000000100000000)
  eden space 7680K, 0% used [0x00000000eab00000,0x00000000eab00000,0x00000000eb280000)
  from space 4608K, 82% used [0x00000000eb280000,0x00000000eb63b008,0x00000000eb700000)
  to   space 4096K, 0% used [0x00000000eb780000,0x00000000eb780000,0x00000000ebb80000)
 ParOldGen       total 318976K, used 314174K [0x00000000c0000000, 0x00000000d3780000, 0x00000000eab00000)
  object space 318976K, 98% used [0x00000000c0000000,0x00000000d32cf858,0x00000000d3780000)
 Metaspace       used 80284K, committed 81728K, reserved 1179648K
  class space    used 8569K, committed 9216K, reserved 1048576K
}
Event: 21,957 GC heap before
{Heap before GC invocations=1218 (full 20):
 PSYoungGen      total 12288K, used 11500K [0x00000000eab00000, 0x00000000ebb80000, 0x0000000100000000)
  eden space 7680K, 100% used [0x00000000eab00000,0x00000000eb280000,0x00000000eb280000)
  from space 4608K, 82% used [0x00000000eb280000,0x00000000eb63b008,0x00000000eb700000)
  to   space 4096K, 0% used [0x00000000eb780000,0x00000000eb780000,0x00000000ebb80000)
 ParOldGen       total 318976K, used 314174K [0x00000000c0000000, 0x00000000d3780000, 0x00000000eab00000)
  object space 318976K, 98% used [0x00000000c0000000,0x00000000d32cf858,0x00000000d3780000)
 Metaspace       used 80284K, committed 81728K, reserved 1179648K
  class space    used 8569K, committed 9216K, reserved 1048576K
}
Event: 21,958 GC heap after
{Heap after GC invocations=1218 (full 20):
 PSYoungGen      total 11776K, used 3072K [0x00000000eab00000, 0x00000000eba80000, 0x0000000100000000)
  eden space 8704K, 0% used [0x00000000eab00000,0x00000000eab00000,0x00000000eb380000)
  from space 3072K, 100% used [0x00000000eb780000,0x00000000eba80000,0x00000000eba80000)
  to   space 3584K, 0% used [0x00000000eb380000,0x00000000eb380000,0x00000000eb700000)
 ParOldGen       total 318976K, used 315602K [0x00000000c0000000, 0x00000000d3780000, 0x00000000eab00000)
  object space 318976K, 98% used [0x00000000c0000000,0x00000000d3434860,0x00000000d3780000)
 Metaspace       used 80284K, committed 81728K, reserved 1179648K
  class space    used 8569K, committed 9216K, reserved 1048576K
}
Event: 21,967 GC heap before
{Heap before GC invocations=1219 (full 20):
 PSYoungGen      total 11776K, used 11776K [0x00000000eab00000, 0x00000000eba80000, 0x0000000100000000)
  eden space 8704K, 100% used [0x00000000eab00000,0x00000000eb380000,0x00000000eb380000)
  from space 3072K, 100% used [0x00000000eb780000,0x00000000eba80000,0x00000000eba80000)
  to   space 3584K, 0% used [0x00000000eb380000,0x00000000eb380000,0x00000000eb700000)
 ParOldGen       total 318976K, used 315602K [0x00000000c0000000, 0x00000000d3780000, 0x00000000eab00000)
  object space 318976K, 98% used [0x00000000c0000000,0x00000000d3434860,0x00000000d3780000)
 Metaspace       used 80284K, committed 81728K, reserved 1179648K
  class space    used 8569K, committed 9216K, reserved 1048576K
}
Event: 21,968 GC heap after
{Heap after GC invocations=1219 (full 20):
 PSYoungGen      total 12288K, used 3128K [0x00000000eab00000, 0x00000000ebc00000, 0x0000000100000000)
  eden space 8704K, 0% used [0x00000000eab00000,0x00000000eab00000,0x00000000eb380000)
  from space 3584K, 87% used [0x00000000eb380000,0x00000000eb68e008,0x00000000eb700000)
  to   space 3584K, 0% used [0x00000000eb880000,0x00000000eb880000,0x00000000ebc00000)
 ParOldGen       total 318976K, used 316674K [0x00000000c0000000, 0x00000000d3780000, 0x00000000eab00000)
  object space 318976K, 99% used [0x00000000c0000000,0x00000000d3540860,0x00000000d3780000)
 Metaspace       used 80284K, committed 81728K, reserved 1179648K
  class space    used 8569K, committed 9216K, reserved 1048576K
}
Event: 21,988 GC heap before
{Heap before GC invocations=1220 (full 20):
 PSYoungGen      total 12288K, used 10778K [0x00000000eab00000, 0x00000000ebc00000, 0x0000000100000000)
  eden space 8704K, 87% used [0x00000000eab00000,0x00000000eb2789f8,0x00000000eb380000)
  from space 3584K, 87% used [0x00000000eb380000,0x00000000eb68e008,0x00000000eb700000)
  to   space 3584K, 0% used [0x00000000eb880000,0x00000000eb880000,0x00000000ebc00000)
 ParOldGen       total 337920K, used 335517K [0x00000000c0000000, 0x00000000d4a00000, 0x00000000eab00000)
  object space 337920K, 99% used [0x00000000c0000000,0x00000000d47a74c8,0x00000000d4a00000)
 Metaspace       used 80284K, committed 81728K, reserved 1179648K
  class space    used 8569K, committed 9216K, reserved 1048576K
}
Event: 21,989 GC heap after
{Heap after GC invocations=1220 (full 20):
 PSYoungGen      total 12800K, used 2334K [0x00000000eab00000, 0x00000000ebb00000, 0x0000000100000000)
  eden space 10240K, 0% used [0x00000000eab00000,0x00000000eab00000,0x00000000eb500000)
  from space 2560K, 91% used [0x00000000eb880000,0x00000000ebac7908,0x00000000ebb00000)
  to   space 3072K, 0% used [0x00000000eb500000,0x00000000eb500000,0x00000000eb800000)
 ParOldGen       total 337920K, used 336722K [0x00000000c0000000, 0x00000000d4a00000, 0x00000000eab00000)
  object space 337920K, 99% used [0x00000000c0000000,0x00000000d48d4ad8,0x00000000d4a00000)
 Metaspace       used 80284K, committed 81728K, reserved 1179648K
  class space    used 8569K, committed 9216K, reserved 1048576K
}
Event: 21,989 GC heap before
{Heap before GC invocations=1221 (full 21):
 PSYoungGen      total 12800K, used 2334K [0x00000000eab00000, 0x00000000ebb00000, 0x0000000100000000)
  eden space 10240K, 0% used [0x00000000eab00000,0x00000000eab00000,0x00000000eb500000)
  from space 2560K, 91% used [0x00000000eb880000,0x00000000ebac7908,0x00000000ebb00000)
  to   space 3072K, 0% used [0x00000000eb500000,0x00000000eb500000,0x00000000eb800000)
 ParOldGen       total 337920K, used 336722K [0x00000000c0000000, 0x00000000d4a00000, 0x00000000eab00000)
  object space 337920K, 99% used [0x00000000c0000000,0x00000000d48d4ad8,0x00000000d4a00000)
 Metaspace       used 80284K, committed 81728K, reserved 1179648K
  class space    used 8569K, committed 9216K, reserved 1048576K
}

